#
# There is insufficient memory for the Java Runtime Environment to continue.
# Native memory allocation (mmap) failed to map 134217728 bytes for Failed to commit area from 0x0000000081400000 to 0x0000000089400000 of length 134217728.
# Possible reasons:
#   The system is out of physical RAM or swap space
#   The process is running with CompressedOops enabled, and the Java Heap may be blocking the growth of the native heap
# Possible solutions:
#   Reduce memory load on the system
#   Increase physical memory or swap space
#   Check if swap backing store is full
#   Decrease Java heap size (-Xmx/-Xms)
#   Decrease number of Java threads
#   Decrease Java thread stack sizes (-Xss)
#   Set larger code cache with -XX:ReservedCodeCacheSize=
# This output file may be truncated or incomplete.
#
#  Out of Memory Error (./src/hotspot/os/windows/os_windows.cpp:3301), pid=9964, tid=9620
#
# JRE version:  (11.0.10) (build )
# Java VM: OpenJDK 64-Bit Server VM (11.0.10+0-b96-7249189, mixed mode, sharing, tiered, compressed oops, g1 gc, windows-amd64)
# No core dump will be written. Minidumps are not enabled by default on client versions of Windows
#

---------------  S U M M A R Y ------------

Command Line: org.jetbrains.kotlin.cli.jvm.K2JVMCompiler @C:\Users\User\AndroidStudioProjects\SAM3\app\build\20211103_5362237913583715571.compiler.options

Host: Intel(R) Core(TM) i5-4200H CPU @ 2.80GHz, 2 cores, 7G,  Windows 8.1 , 64 bit Build 9600 (6.3.9600.19843)
Time: Wed Nov  3 20:56:00 2021 Na?aoia (ceia) elapsed time: 0.020503 seconds (0d 0h 0m 0s)

---------------  T H R E A D  ---------------

Current thread (0x0000000254d66000):  JavaThread "Unknown thread" [_thread_in_vm, id=9620, stack(0x0000000252cc0000,0x0000000252dc0000)]

Stack: [0x0000000252cc0000,0x0000000252dc0000]
Native frames: (J=compiled Java code, j=interpreted, Vv=VM code, C=native code)
V  [jvm.dll+0x5ecfaa]
V  [jvm.dll+0x722bd5]
V  [jvm.dll+0x72412d]
V  [jvm.dll+0x7247e3]
V  [jvm.dll+0x242928]
V  [jvm.dll+0x5ea374]
V  [jvm.dll+0x5df425]
V  [jvm.dll+0x2fdebb]
V  [jvm.dll+0x2fde2a]
V  [jvm.dll+0x2fdd02]
V  [jvm.dll+0x302bf6]
V  [jvm.dll+0x34b2a3]
V  [jvm.dll+0x34b9a6]
V  [jvm.dll+0x34b3a3]
V  [jvm.dll+0x2d8888]
V  [jvm.dll+0x2d9a37]
V  [jvm.dll+0x701737]
V  [jvm.dll+0x702f2c]
V  [jvm.dll+0x3587d9]
V  [jvm.dll+0x6e4fae]
V  [jvm.dll+0x3c0be3]
V  [jvm.dll+0x3c2e91]
C  [jli.dll+0x5373]
C  [ucrtbase.DLL+0x1f4a0]
C  [KERNEL32.DLL+0x13f2]
C  [ntdll.dll+0x154f4]


---------------  P R O C E S S  ---------------

Threads class SMR info:
_java_thread_list=0x0000000252bdc700, length=0, elements={
}

Java Threads: ( => current thread )

Other Threads:
  0x0000000254d7d800 GCTaskThread "GC Thread#0" [stack: 0x00000002546f0000,0x00000002547f0000] [id=1200]
  0x0000000254dae000 ConcurrentGCThread "G1 Main Marker" [stack: 0x0000000254a60000,0x0000000254b60000] [id=12520]
  0x0000000254daf800 ConcurrentGCThread "G1 Conc#0" [stack: 0x0000000254b60000,0x0000000254c60000] [id=8164]

[error occurred during error reporting (printing all threads), id 0xc0000005, EXCEPTION_ACCESS_VIOLATION (0xc0000005) at pc=0x00007ff865299107]

VM state:not at safepoint (not fully initialized)

VM Mutex/Monitor currently owned by a thread:  ([mutex/lock_event])
[0x0000000254d64b50] Heap_lock - owner thread: 0x0000000254d66000

Heap address: 0x0000000081400000, size: 2028 MB, Compressed Oops mode: Non-zero based: 0x0000000081400000
Narrow klass base: 0x0000000000000000, Narrow klass shift: 0

GC Heap History (0 events):
No events

Deoptimization events (0 events):
No events

Classes redefined (0 events):
No events

Internal exceptions (0 events):
No events

Events (1 events):
Event: 0.016 Loaded shared library C:\Program Files\Android\Android Studio\jre\bin\zip.dll


Dynamic libraries:
0x00007ff62c2f0000 - 0x00007ff62c2fa000 	C:\Program Files\Android\Android Studio\jre\bin\java.exe
0x00007ff896d90000 - 0x00007ff896f3d000 	C:\Windows\SYSTEM32\ntdll.dll
0x00007ff894c40000 - 0x00007ff894d7f000 	C:\Windows\system32\KERNEL32.DLL
0x00007ff8942f0000 - 0x00007ff894405000 	C:\Windows\system32\KERNELBASE.dll
0x00007ff87c9b0000 - 0x00007ff87c9c9000 	C:\Program Files\Android\Android Studio\jre\bin\jli.dll
0x00007ff87c710000 - 0x00007ff87c727000 	C:\Program Files\Android\Android Studio\jre\bin\VCRUNTIME140.dll
0x00007ff889f30000 - 0x00007ff889f34000 	C:\Windows\SYSTEM32\api-ms-win-crt-stdio-l1-1-0.dll
0x00007ff889fa0000 - 0x00007ff889fa4000 	C:\Windows\SYSTEM32\api-ms-win-crt-runtime-l1-1-0.dll
0x00007ff889ee0000 - 0x00007ff889ee3000 	C:\Windows\SYSTEM32\api-ms-win-crt-environment-l1-1-0.dll
0x00007ff889f70000 - 0x00007ff889f75000 	C:\Windows\SYSTEM32\api-ms-win-crt-math-l1-1-0.dll
0x00007ff889f00000 - 0x00007ff889f03000 	C:\Windows\SYSTEM32\api-ms-win-crt-locale-l1-1-0.dll
0x00007ff889f90000 - 0x00007ff889f93000 	C:\Windows\SYSTEM32\api-ms-win-crt-heap-l1-1-0.dll
0x00007ff8918f0000 - 0x00007ff891b6b000 	C:\Windows\WinSxS\amd64_microsoft.windows.common-controls_6595b64144ccf1df_6.0.9600.19394_none_62486577ecb635cf\COMCTL32.dll
0x00007ff8946a0000 - 0x00007ff894817000 	C:\Windows\system32\USER32.dll
0x00007ff889f10000 - 0x00007ff889f13000 	C:\Windows\SYSTEM32\api-ms-win-crt-filesystem-l1-1-0.dll
0x00007ff889f80000 - 0x00007ff889f84000 	C:\Windows\SYSTEM32\api-ms-win-crt-string-l1-1-0.dll
0x00007ff889f60000 - 0x00007ff889f64000 	C:\Windows\SYSTEM32\api-ms-win-crt-convert-l1-1-0.dll
0x00007ff894830000 - 0x00007ff8948da000 	C:\Windows\system32\msvcrt.dll
0x00007ff894f60000 - 0x00007ff8950ad000 	C:\Windows\system32\GDI32.dll
0x00007ff889dd0000 - 0x00007ff889ec4000 	C:\Windows\SYSTEM32\ucrtbase.DLL
0x00007ff8967a0000 - 0x00007ff8967d6000 	C:\Windows\system32\IMM32.DLL
0x00007ff8950b0000 - 0x00007ff895201000 	C:\Windows\system32\MSCTF.dll
0x00007ff86c340000 - 0x00007ff86c3dd000 	C:\Program Files\Android\Android Studio\jre\bin\msvcp140.dll
0x00007ff887830000 - 0x00007ff887835000 	C:\Windows\SYSTEM32\api-ms-win-crt-multibyte-l1-1-0.dll
0x00007ff889f20000 - 0x00007ff889f23000 	C:\Windows\SYSTEM32\api-ms-win-crt-time-l1-1-0.dll
0x00007ff889ed0000 - 0x00007ff889ed3000 	C:\Windows\SYSTEM32\api-ms-win-crt-utility-l1-1-0.dll
0x00007ff864fb0000 - 0x00007ff865a7f000 	C:\Program Files\Android\Android Studio\jre\bin\server\jvm.dll
0x00007ff8945f0000 - 0x00007ff89469a000 	C:\Windows\system32\ADVAPI32.dll
0x00007ff8923d0000 - 0x00007ff8923d9000 	C:\Windows\SYSTEM32\WSOCK32.dll
0x00007ff891400000 - 0x00007ff891422000 	C:\Windows\SYSTEM32\WINMM.dll
0x00007ff891430000 - 0x00007ff89143a000 	C:\Windows\SYSTEM32\VERSION.dll
0x00007ff894d90000 - 0x00007ff894d97000 	C:\Windows\system32\PSAPI.DLL
0x00007ff894ee0000 - 0x00007ff894f38000 	C:\Windows\SYSTEM32\sechost.dll
0x00007ff894da0000 - 0x00007ff894ee0000 	C:\Windows\system32\RPCRT4.dll
0x00007ff896a70000 - 0x00007ff896aca000 	C:\Windows\system32\WS2_32.dll
0x00007ff890e10000 - 0x00007ff890e3a000 	C:\Windows\SYSTEM32\WINMMBASE.dll
0x00007ff8942c0000 - 0x00007ff8942ee000 	C:\Windows\system32\SspiCli.dll
0x00007ff894d80000 - 0x00007ff894d89000 	C:\Windows\system32\NSI.dll
0x00007ff894030000 - 0x00007ff89407f000 	C:\Windows\SYSTEM32\cfgmgr32.dll
0x00007ff8928e0000 - 0x00007ff892908000 	C:\Windows\SYSTEM32\DEVOBJ.dll
0x00007ff88b4f0000 - 0x00007ff88b501000 	C:\Program Files\Android\Android Studio\jre\bin\verify.dll
0x00007ff886ba0000 - 0x00007ff886d29000 	C:\Windows\SYSTEM32\DBGHELP.DLL
0x00007ff882880000 - 0x00007ff8828a9000 	C:\Program Files\Android\Android Studio\jre\bin\java.dll
0x00007ff88c510000 - 0x00007ff88c51b000 	C:\Program Files\Android\Android Studio\jre\bin\jimage.dll
0x00007ff88a9a0000 - 0x00007ff88a9b8000 	C:\Program Files\Android\Android Studio\jre\bin\zip.dll

dbghelp: loaded successfully - version: 4.0.5 - missing functions: none
symbol engine: initialized successfully - sym options: 0x614 - pdb path: .;C:\Program Files\Android\Android Studio\jre\bin;C:\Windows\SYSTEM32;C:\Windows\WinSxS\amd64_microsoft.windows.common-controls_6595b64144ccf1df_6.0.9600.19394_none_62486577ecb635cf;C:\Program Files\Android\Android Studio\jre\bin\server

VM Arguments:
java_command: org.jetbrains.kotlin.cli.jvm.K2JVMCompiler @C:\Users\User\AndroidStudioProjects\SAM3\app\build\20211103_5362237913583715571.compiler.options
java_class_path (initial): C:\Users\User\.gradle\caches\modules-2\files-2.1\org.jetbrains.kotlin\kotlin-compiler-embeddable\1.5.31\cc18c29253541dc57c25c3ef514d63c7953ae1a6\kotlin-compiler-embeddable-1.5.31.jar;C:\Users\User\.gradle\caches\modules-2\files-2.1\org.jetbrains.kotlin\kotlin-reflect\1.5.31\1523fcd842a47da0820cea772b19c51056fec8a9\kotlin-reflect-1.5.31.jar;C:\Users\User\.gradle\caches\modules-2\files-2.1\org.jetbrains.kotlin\kotlin-stdlib\1.5.31\6628d61d0f5603568e72d2d5915d2c034b4f1c55\kotlin-stdlib-1.5.31.jar;C:\Users\User\.gradle\caches\modules-2\files-2.1\org.jetbrains.kotlin\kotlin-script-runtime\1.5.31\aaea854be2cfc06373dfc11be5a6ba9ca5ca84a6\kotlin-script-runtime-1.5.31.jar;C:\Users\User\.gradle\caches\modules-2\files-2.1\org.jetbrains.kotlin\kotlin-daemon-embeddable\1.5.31\d19b549661e28c62781683dc7c7e34bf416974f1\kotlin-daemon-embeddable-1.5.31.jar;C:\Users\User\.gradle\caches\modules-2\files-2.1\org.jetbrains.intellij.deps\trove4j\1.0.20181211\216c2e14b070f334479d800987affe4054cd563f\trove4j-1.0.20181211.jar;C:\Users\User\.gradle\caches\modules-2\files-2.1\org.jetbrains\annotations\13.0\919f0dfe192fb4e063e7dacadee7f8bb9a2672a9\annotations-13.0.jar;C:\Users\User\.gradle\caches\modules-2\files-2.1\org.jetbrains.kotlin\kotlin-stdlib-common\1.5.31\43331609c7de811fed085e0dfd150874b157c32\kotlin-stdlib-common-1.5.31.jar
Launcher Type: SUN_STANDARD

[Global flags]
     intx CICompilerCount                          = 2                                         {product} {ergonomic}
     uint ConcGCThreads                            = 1                                         {product} {ergonomic}
     uint G1ConcRefinementThreads                  = 2                                         {product} {ergonomic}
   size_t G1HeapRegionSize                         = 1048576                                   {product} {ergonomic}
    uintx GCDrainStackTargetSize                   = 64                                        {product} {ergonomic}
   size_t InitialHeapSize                          = 134217728                                 {product} {ergonomic}
   size_t MarkStackSize                            = 4194304                                   {product} {ergonomic}
   size_t MaxHeapSize                              = 2126512128                                {product} {ergonomic}
   size_t MinHeapDeltaBytes                        = 1048576                                   {product} {ergonomic}
    uintx NonNMethodCodeHeapSize                   = 5825164                                {pd product} {ergonomic}
    uintx NonProfiledCodeHeapSize                  = 122916538                              {pd product} {ergonomic}
    uintx ProfiledCodeHeapSize                     = 122916538                              {pd product} {ergonomic}
    uintx ReservedCodeCacheSize                    = 251658240                              {pd product} {ergonomic}
     bool SegmentedCodeCache                       = true                                      {product} {ergonomic}
     bool UseCompressedClassPointers               = true                                 {lp64_product} {ergonomic}
     bool UseCompressedOops                        = true                                 {lp64_product} {ergonomic}
     bool UseG1GC                                  = true                                      {product} {ergonomic}
     bool UseLargePagesIndividualAllocation        = false                                  {pd product} {ergonomic}

Logging:
Log output configuration:
 #0: stdout all=warning uptime,level,tags
 #1: stderr all=off uptime,level,tags

Environment Variables:
PATH=C:\FkClnt1\SYSTEM;C:\ProgramData\Oracle\Java\javapath;C:\Program Files (x86)\NVIDIA Corporation\PhysX\Common;C:\Program Files (x86)\Intel\iCLS Client\;C:\Program Files\Intel\iCLS Client\;C:\Windows\system32;C:\Windows;C:\Windows\System32\Wbem;C:\Windows\System32\WindowsPowerShell\v1.0\;C:\Program Files (x86)\Windows Live\Shared;C:\Program Files\Intel\Intel(R) Management Engine Components\DAL;C:\Program Files\Intel\Intel(R) Management Engine Components\IPT;C:\Program Files (x86)\Intel\Intel(R) Management Engine Components\DAL;C:\Program Files (x86)\Intel\Intel(R) Management Engine Components\IPT;C:\Program Files\Git\cmd
USERNAME=User
OS=Windows_NT
PROCESSOR_IDENTIFIER=Intel64 Family 6 Model 60 Stepping 3, GenuineIntel



---------------  S Y S T E M  ---------------

OS: Windows 8.1 , 64 bit Build 9600 (6.3.9600.19843)
OS uptime: 0 days 8:45 hours

CPU:total 2 (initial active 2) (2 cores per cpu, 2 threads per core) family 6 model 60 stepping 3 microcode 0x1a, cmov, cx8, fxsr, mmx, sse, sse2, sse3, ssse3, sse4.1, sse4.2, popcnt, avx, avx2, aes, clmul, erms, lzcnt, ht, tsc, tscinvbit, bmi1, bmi2, fma

Memory: 4k page, system-wide physical 8111M (664M free)
TotalPageFile size 13311M (AvailPageFile size 218M)
current process WorkingSet (physical memory assigned to process): 9M, peak: 9M
current process commit charge ("private bytes"): 47M, peak: 175M

vm_info: OpenJDK 64-Bit Server VM (11.0.10+0-b96-7249189) for windows-amd64 JRE (11.0.10+0-b96-7249189), built on Mar 31 2021 21:44:00 by "builder" with MS VC++ 14.0 (VS2015)

END.
